{
  "RSpec": {
    "coverage": {
      "/Users/ryn/turing/2module/projects/project_retry/adopt_dont_shop_2005/config/environment.rb": {
        "lines": [
          null,
          1,
          null,
          null,
          1
        ]
      },
      "/Users/ryn/turing/2module/projects/project_retry/adopt_dont_shop_2005/config/application.rb": {
        "lines": [
          1,
          null,
          1,
          null,
          1,
          1,
          1,
          1,
          1,
          1,
          1,
          1,
          null,
          null,
          null,
          null,
          1,
          null,
          1,
          1,
          null,
          1,
          null,
          null,
          null,
          null,
          null,
          null,
          1,
          null,
          null
        ]
      },
      "/Users/ryn/turing/2module/projects/project_retry/adopt_dont_shop_2005/config/boot.rb": {
        "lines": [
          1,
          null,
          1
        ]
      },
      "/Users/ryn/turing/2module/projects/project_retry/adopt_dont_shop_2005/config/environments/test.rb": {
        "lines": [
          1,
          null,
          null,
          null,
          null,
          null,
          null,
          1,
          null,
          null,
          null,
          null,
          1,
          null,
          null,
          1,
          1,
          null,
          null,
          null,
          null,
          1,
          1,
          null,
          null,
          1,
          null,
          null,
          1,
          1,
          null,
          null,
          null,
          null,
          1,
          null,
          null,
          1,
          null,
          null,
          null,
          null
        ]
      },
      "/Users/ryn/turing/2module/projects/project_retry/adopt_dont_shop_2005/config/initializers/application_controller_renderer.rb": {
        "lines": [
          null,
          null,
          null,
          null,
          null,
          null,
          null,
          null
        ]
      },
      "/Users/ryn/turing/2module/projects/project_retry/adopt_dont_shop_2005/config/initializers/assets.rb": {
        "lines": [
          null,
          null,
          null,
          1,
          null,
          null,
          null,
          null,
          1,
          null,
          null,
          null,
          null,
          null
        ]
      },
      "/Users/ryn/turing/2module/projects/project_retry/adopt_dont_shop_2005/config/initializers/backtrace_silencers.rb": {
        "lines": [
          null,
          null,
          null,
          null,
          null,
          null,
          null
        ]
      },
      "/Users/ryn/turing/2module/projects/project_retry/adopt_dont_shop_2005/config/initializers/cookies_serializer.rb": {
        "lines": [
          null,
          null,
          null,
          null,
          1
        ]
      },
      "/Users/ryn/turing/2module/projects/project_retry/adopt_dont_shop_2005/config/initializers/filter_parameter_logging.rb": {
        "lines": [
          null,
          null,
          null,
          1
        ]
      },
      "/Users/ryn/turing/2module/projects/project_retry/adopt_dont_shop_2005/config/initializers/inflections.rb": {
        "lines": [
          null,
          null,
          null,
          null,
          null,
          null,
          null,
          null,
          null,
          null,
          null,
          null,
          null,
          null,
          null,
          null
        ]
      },
      "/Users/ryn/turing/2module/projects/project_retry/adopt_dont_shop_2005/config/initializers/mime_types.rb": {
        "lines": [
          null,
          null,
          null,
          null
        ]
      },
      "/Users/ryn/turing/2module/projects/project_retry/adopt_dont_shop_2005/config/initializers/wrap_parameters.rb": {
        "lines": [
          null,
          null,
          null,
          null,
          null,
          null,
          1,
          2,
          null,
          null,
          null,
          null,
          null,
          null
        ]
      },
      "/Users/ryn/turing/2module/projects/project_retry/adopt_dont_shop_2005/config/routes.rb": {
        "lines": [
          1,
          null,
          null,
          null,
          1,
          1,
          1,
          1,
          1,
          1,
          1,
          null,
          null,
          1,
          1,
          1,
          1,
          1,
          1,
          1,
          1,
          1,
          1,
          null
        ]
      },
      "/Users/ryn/turing/2module/projects/project_retry/adopt_dont_shop_2005/app/helpers/application_helper.rb": {
        "lines": [
          1,
          null
        ]
      },
      "/Users/ryn/turing/2module/projects/project_retry/adopt_dont_shop_2005/spec/features/pets/edit_spec.rb": {
        "lines": [
          1,
          null,
          1,
          1,
          1,
          1,
          null,
          1,
          null,
          1,
          null,
          1,
          null,
          null,
          1,
          1,
          1,
          1,
          null,
          1,
          null,
          1,
          1,
          null,
          null
        ]
      },
      "/Users/ryn/turing/2module/projects/project_retry/adopt_dont_shop_2005/spec/features/pets/from_index_page/delete_from_index_spec.rb": {
        "lines": [
          1,
          null,
          1,
          1,
          1,
          1,
          1,
          1,
          null,
          1,
          null,
          1,
          null,
          1,
          1,
          1,
          null,
          null,
          null,
          1,
          1,
          1,
          1,
          1,
          null,
          1,
          null,
          1,
          null,
          1,
          1,
          1,
          null,
          null,
          null
        ]
      },
      "/Users/ryn/turing/2module/projects/project_retry/adopt_dont_shop_2005/spec/features/pets/from_index_page/update_from_index_spec.rb": {
        "lines": [
          1,
          null,
          1,
          1,
          1,
          1,
          1,
          1,
          null,
          1,
          null,
          1,
          null,
          1,
          1,
          null,
          null,
          null,
          1,
          1,
          1,
          1,
          1,
          null,
          1,
          null,
          1,
          null,
          1,
          null,
          null,
          null
        ]
      },
      "/Users/ryn/turing/2module/projects/project_retry/adopt_dont_shop_2005/spec/features/pets/link_spec.rb": {
        "lines": [
          1,
          null,
          1,
          1,
          1,
          1,
          1,
          null,
          1,
          null,
          1,
          null,
          1,
          null,
          null,
          1,
          1,
          1,
          null,
          1,
          1,
          1,
          null,
          null,
          1,
          1,
          1,
          null,
          1,
          1,
          1,
          null,
          null,
          1,
          1,
          1,
          1,
          1,
          null,
          1,
          null,
          1,
          null,
          1,
          null,
          null,
          null
        ]
      },
      "/Users/ryn/turing/2module/projects/project_retry/adopt_dont_shop_2005/spec/features/pets/new_spec.rb": {
        "lines": [
          1,
          null,
          1,
          1,
          1,
          1,
          1,
          1,
          null,
          1,
          null,
          1,
          null,
          1,
          null,
          null,
          1,
          null,
          null,
          1,
          1,
          1,
          1,
          null,
          1,
          null,
          1,
          null,
          1,
          1,
          1,
          null,
          null,
          null,
          null,
          null,
          null,
          null,
          null,
          null
        ]
      },
      "/Users/ryn/turing/2module/projects/project_retry/adopt_dont_shop_2005/spec/features/pets/pets_index_spec.rb": {
        "lines": [
          1,
          null,
          1,
          1,
          1,
          null,
          1,
          null,
          1,
          null,
          null,
          1,
          1,
          1,
          null,
          null
        ]
      },
      "/Users/ryn/turing/2module/projects/project_retry/adopt_dont_shop_2005/spec/features/pets/shelter_pets_index_spec.rb": {
        "lines": [
          1,
          null,
          1,
          1,
          1,
          1,
          1,
          null,
          1,
          1,
          1,
          null,
          1,
          null,
          1,
          1,
          1,
          null,
          null
        ]
      },
      "/Users/ryn/turing/2module/projects/project_retry/adopt_dont_shop_2005/spec/features/pets/show_spec.rb": {
        "lines": [
          1,
          null,
          1,
          1,
          1,
          1,
          1,
          null,
          1,
          1,
          null,
          1,
          null,
          1,
          1,
          1,
          1,
          1,
          1,
          1,
          null,
          null
        ]
      },
      "/Users/ryn/turing/2module/projects/project_retry/adopt_dont_shop_2005/spec/features/shelters/create_spec.rb": {
        "lines": [
          1,
          null,
          1,
          1,
          1,
          1,
          1,
          null,
          1,
          null,
          1,
          null,
          1,
          1,
          1,
          1,
          1,
          null,
          1,
          null,
          1,
          1,
          null,
          null,
          null
        ]
      },
      "/Users/ryn/turing/2module/projects/project_retry/adopt_dont_shop_2005/spec/features/shelters/delete_spec.rb": {
        "lines": [
          1,
          null,
          1,
          1,
          1,
          1,
          1,
          1,
          null,
          1,
          null,
          1,
          null,
          1,
          1,
          1,
          null,
          null,
          null
        ]
      },
      "/Users/ryn/turing/2module/projects/project_retry/adopt_dont_shop_2005/spec/features/shelters/edit_spec.rb": {
        "lines": [
          1,
          null,
          1,
          1,
          1,
          1,
          null,
          1,
          null,
          1,
          null,
          1,
          1,
          1,
          1,
          1,
          1,
          null,
          1,
          null,
          1,
          1,
          null,
          null,
          null
        ]
      },
      "/Users/ryn/turing/2module/projects/project_retry/adopt_dont_shop_2005/spec/features/shelters/from_index_page/delete_from_index_spec.rb": {
        "lines": [
          1,
          null,
          1,
          1,
          1,
          1,
          1,
          null,
          1,
          null,
          1,
          null,
          1,
          1,
          null,
          null
        ]
      },
      "/Users/ryn/turing/2module/projects/project_retry/adopt_dont_shop_2005/spec/features/shelters/from_index_page/update_from_index_spec.rb": {
        "lines": [
          1,
          null,
          1,
          1,
          1,
          1,
          1,
          null,
          1,
          null,
          1,
          null,
          1,
          null,
          null
        ]
      },
      "/Users/ryn/turing/2module/projects/project_retry/adopt_dont_shop_2005/spec/features/shelters/link_spec.rb": {
        "lines": [
          1,
          null,
          1,
          1,
          1,
          null,
          1,
          null,
          1,
          null,
          1,
          null,
          null,
          1,
          1,
          1,
          null,
          1,
          1,
          1,
          null,
          null,
          1,
          1,
          1,
          null,
          1,
          1,
          1,
          null,
          null
        ]
      },
      "/Users/ryn/turing/2module/projects/project_retry/adopt_dont_shop_2005/spec/features/shelters/shelter_index_spec.rb": {
        "lines": [
          1,
          null,
          1,
          1,
          1,
          1,
          1,
          null,
          1,
          null,
          1,
          1,
          1,
          null,
          null
        ]
      },
      "/Users/ryn/turing/2module/projects/project_retry/adopt_dont_shop_2005/spec/features/shelters/show_spec.rb": {
        "lines": [
          1,
          null,
          1,
          1,
          1,
          1,
          1,
          null,
          1,
          null,
          1,
          1,
          1,
          null,
          null
        ]
      },
      "/Users/ryn/turing/2module/projects/project_retry/adopt_dont_shop_2005/spec/models/pet_spec.rb": {
        "lines": [
          null,
          1,
          null,
          1,
          1,
          2,
          null,
          1,
          2,
          null,
          null
        ]
      },
      "/Users/ryn/turing/2module/projects/project_retry/adopt_dont_shop_2005/app/models/pet.rb": {
        "lines": [
          1,
          1,
          1,
          null,
          1,
          9,
          null,
          null,
          1,
          1,
          null,
          null
        ]
      },
      "/Users/ryn/turing/2module/projects/project_retry/adopt_dont_shop_2005/app/models/application_record.rb": {
        "lines": [
          1,
          1,
          null
        ]
      },
      "/Users/ryn/turing/2module/projects/project_retry/adopt_dont_shop_2005/spec/models/shelter_spec.rb": {
        "lines": [
          1,
          null,
          1,
          1,
          2,
          null,
          null,
          null,
          null,
          null,
          null,
          null
        ]
      },
      "/Users/ryn/turing/2module/projects/project_retry/adopt_dont_shop_2005/app/models/shelter.rb": {
        "lines": [
          1,
          1,
          1,
          null,
          null
        ]
      },
      "/Users/ryn/turing/2module/projects/project_retry/adopt_dont_shop_2005/app/controllers/pets_controller.rb": {
        "lines": [
          1,
          1,
          11,
          null,
          null,
          1,
          7,
          7,
          7,
          null,
          7,
          10,
          null,
          null,
          null,
          1,
          7,
          7,
          null,
          null,
          1,
          1,
          null,
          null,
          1,
          1,
          1,
          1,
          null,
          null,
          1,
          3,
          null,
          null,
          1,
          1,
          1,
          1,
          null,
          null,
          1,
          3,
          3,
          null,
          null,
          1,
          null,
          1,
          2,
          null,
          null
        ]
      },
      "/Users/ryn/turing/2module/projects/project_retry/adopt_dont_shop_2005/app/controllers/application_controller.rb": {
        "lines": [
          1,
          1,
          null
        ]
      },
      "/Users/ryn/turing/2module/projects/project_retry/adopt_dont_shop_2005/app/controllers/shelters_controller.rb": {
        "lines": [
          1,
          1,
          11,
          null,
          null,
          1,
          9,
          null,
          null,
          1,
          null,
          null,
          1,
          1,
          1,
          null,
          null,
          1,
          2,
          null,
          null,
          1,
          1,
          1,
          1,
          null,
          null,
          1,
          2,
          2,
          null,
          null,
          1,
          1,
          2,
          null,
          null
        ]
      }
    },
    "timestamp": 1593923463
  }
}
